TN:
SF:{dir}/src/lib.cairo
FN:2,complex_calculator::add
FNDA:1,complex_calculator::add
FN:18,complex_calculator::divide
FNDA:2,complex_calculator::divide
FN:28,complex_calculator::factorial
FNDA:25,complex_calculator::factorial
FN:45,complex_calculator::fibonacci
FNDA:2,complex_calculator::fibonacci
FN:54,complex_calculator::is_prime
FNDA:216,complex_calculator::is_prime
FN:10,complex_calculator::multiply
FNDA:1,complex_calculator::multiply
FN:38,complex_calculator::power
FNDA:22,complex_calculator::power
FN:6,complex_calculator::subtract
FNDA:1,complex_calculator::subtract
FN:14,complex_calculator::unsafe_divide
FNDA:0,complex_calculator::unsafe_divide
FNF:9
FNH:8
DA:2,1
DA:6,1
DA:10,1
DA:14,0
DA:18,2
DA:21,0
DA:28,25
DA:29,10
DA:30,10
DA:38,22
DA:39,6
DA:40,6
DA:45,1
DA:46,2
DA:47,0
DA:49,0
DA:54,4
DA:59,216
DA:60,158
DA:63,80
LF:20
LH:16
end_of_record
