TN:
SF:{dir}/src/lib.cairo
FN:9,snforge_template::HelloStarknet::ContractStateDeref::deref
FNDA:1,snforge_template::HelloStarknet::ContractStateDeref::deref
FN:9,snforge_template::HelloStarknet::ContractStateDerefMut::deref_mut
FNDA:1,snforge_template::HelloStarknet::ContractStateDerefMut::deref_mut
FN:22,snforge_template::HelloStarknet::HelloStarknetImpl::get_balance
FNDA:1,snforge_template::HelloStarknet::HelloStarknetImpl::get_balance
FN:16,snforge_template::HelloStarknet::HelloStarknetImpl::increase_balance
FNDA:1,snforge_template::HelloStarknet::HelloStarknetImpl::increase_balance
FN:9,snforge_template::HelloStarknet::StorageStorageImpl::storage
FNDA:1,snforge_template::HelloStarknet::StorageStorageImpl::storage
FN:9,snforge_template::HelloStarknet::StorageStorageMutImpl::storage_mut
FNDA:1,snforge_template::HelloStarknet::StorageStorageMutImpl::storage_mut
FN:14,snforge_template::HelloStarknet::__wrapper__HelloStarknetImpl__get_balance
FNDA:1,snforge_template::HelloStarknet::__wrapper__HelloStarknetImpl__get_balance
FN:14,snforge_template::HelloStarknet::__wrapper__HelloStarknetImpl__increase_balance
FNDA:1,snforge_template::HelloStarknet::__wrapper__HelloStarknetImpl__increase_balance
FN:9,snforge_template::HelloStarknet::unsafe_new_contract_state
FNDA:1,snforge_template::HelloStarknet::unsafe_new_contract_state
FN:1,snforge_template::IHelloStarknetDispatcherImpl::get_balance
FNDA:1,snforge_template::IHelloStarknetDispatcherImpl::get_balance
FN:1,snforge_template::IHelloStarknetDispatcherImpl::increase_balance
FNDA:1,snforge_template::IHelloStarknetDispatcherImpl::increase_balance
FN:1,snforge_template::IHelloStarknetSafeDispatcherImpl::get_balance
FNDA:1,snforge_template::IHelloStarknetSafeDispatcherImpl::get_balance
FN:1,snforge_template::IHelloStarknetSafeDispatcherImpl::increase_balance
FNDA:1,snforge_template::IHelloStarknetSafeDispatcherImpl::increase_balance
FNF:13
FNH:13
DA:1,4
DA:9,5
DA:14,2
DA:16,1
DA:17,1
DA:18,1
DA:22,1
LF:7
LH:7
end_of_record
TN:
SF:{dir}/tests/test_contract.cairo
FN:10,snforge_template_integrationtest::test_contract::deploy_contract
FNDA:1,snforge_template_integrationtest::test_contract::deploy_contract
FNF:1
FNH:1
DA:10,1
DA:11,1
DA:12,1
LF:3
LH:3
end_of_record
