TN:
SF:{dir}/src/lib.cairo
FN:22,snforge_template::HelloStarknet::HelloStarknetImpl::get_balance
FNDA:9,snforge_template::HelloStarknet::HelloStarknetImpl::get_balance
FN:17,snforge_template::HelloStarknet::HelloStarknetImpl::increase_balance
FNDA:8,snforge_template::HelloStarknet::HelloStarknetImpl::increase_balance
FNF:2
FNH:2
DA:17,7
DA:18,8
DA:22,9
LF:3
LH:3
end_of_record
TN:
SF:{dir}/tests/test_contract.cairo
FN:11,snforge_template_integrationtest::test_contract::deploy_contract
FNDA:10,snforge_template_integrationtest::test_contract::deploy_contract
FNF:1
FNH:1
DA:11,10
DA:12,10
LF:2
LH:2
end_of_record
