TN:
SF:{dir}/src/lib.cairo
FN:22,snforge_template::HelloStarknet::HelloStarknetImpl::get_balance
FNDA:12,snforge_template::HelloStarknet::HelloStarknetImpl::get_balance
FN:16,snforge_template::HelloStarknet::HelloStarknetImpl::increase_balance
FNDA:7,snforge_template::HelloStarknet::HelloStarknetImpl::increase_balance
FNF:2
FNH:2
DA:16,1
DA:17,2
DA:18,7
DA:22,12
LF:4
LH:4
end_of_record
TN:
SF:{dir}/tests/test_contract.cairo
FN:10,snforge_template_integrationtest::test_contract::deploy_contract
FNDA:6,snforge_template_integrationtest::test_contract::deploy_contract
FNF:1
FNH:1
DA:10,2
DA:11,6
DA:12,6
LF:3
LH:3
end_of_record
