TN:
SF:{dir}/src/lib.cairo
FN:22,snforge_template::HelloStarknet::HelloStarknetImpl::get_balance
FNDA:1,snforge_template::HelloStarknet::HelloStarknetImpl::get_balance
FN:17,snforge_template::HelloStarknet::HelloStarknetImpl::increase_balance
FNDA:1,snforge_template::HelloStarknet::HelloStarknetImpl::increase_balance
FN:14,snforge_template::HelloStarknet::__wrapper__HelloStarknetImpl__get_balance
FNDA:1,snforge_template::HelloStarknet::__wrapper__HelloStarknetImpl__get_balance
FN:14,snforge_template::HelloStarknet::__wrapper__HelloStarknetImpl__increase_balance
FNDA:1,snforge_template::HelloStarknet::__wrapper__HelloStarknetImpl__increase_balance
FN:1,snforge_template::IHelloStarknetDispatcherImpl::get_balance
FNDA:1,snforge_template::IHelloStarknetDispatcherImpl::get_balance
FN:1,snforge_template::IHelloStarknetDispatcherImpl::increase_balance
FNDA:1,snforge_template::IHelloStarknetDispatcherImpl::increase_balance
FN:1,snforge_template::IHelloStarknetSafeDispatcherImpl::get_balance
FNDA:1,snforge_template::IHelloStarknetSafeDispatcherImpl::get_balance
FN:1,snforge_template::IHelloStarknetSafeDispatcherImpl::increase_balance
FNDA:1,snforge_template::IHelloStarknetSafeDispatcherImpl::increase_balance
FNF:8
FNH:8
DA:1,4
DA:14,2
DA:17,1
DA:18,1
DA:22,1
LF:5
LH:5
end_of_record
TN:
SF:{dir}/tests/test_contract.cairo
FN:11,snforge_template_integrationtest::test_contract::deploy_contract
FNDA:1,snforge_template_integrationtest::test_contract::deploy_contract
FNF:1
FNH:1
DA:11,1
DA:12,1
LF:2
LH:2
end_of_record
